  pch.cpp
c:\program files (x86)\microsoft directx sdk (june 2010)\include\xnamath.h(2662): warning C4838: conversion from 'unsigned int' to 'INT' requires a narrowing conversion
c:\program files (x86)\microsoft directx sdk (june 2010)\include\xnamath.h(2663): warning C4838: conversion from 'unsigned int' to 'INT' requires a narrowing conversion
c:\program files (x86)\microsoft directx sdk (june 2010)\include\xnamath.h(2664): warning C4838: conversion from 'unsigned int' to 'INT' requires a narrowing conversion
c:\program files (x86)\microsoft directx sdk (june 2010)\include\xnamath.h(2665): warning C4838: conversion from 'unsigned int' to 'INT' requires a narrowing conversion
c:\program files (x86)\microsoft directx sdk (june 2010)\include\xnamath.h(2666): warning C4838: conversion from 'unsigned int' to 'INT' requires a narrowing conversion
c:\program files (x86)\microsoft directx sdk (june 2010)\include\xnamath.h(2667): warning C4838: conversion from 'unsigned int' to 'INT' requires a narrowing conversion
c:\program files (x86)\microsoft directx sdk (june 2010)\include\xnamath.h(2668): warning C4838: conversion from 'unsigned int' to 'INT' requires a narrowing conversion
c:\program files (x86)\microsoft directx sdk (june 2010)\include\xnamath.h(2689): warning C4838: conversion from 'unsigned int' to 'INT' requires a narrowing conversion
c:\program files (x86)\microsoft directx sdk (june 2010)\include\xnamath.h(2690): warning C4838: conversion from 'unsigned int' to 'INT' requires a narrowing conversion
c:\program files (x86)\microsoft directx sdk (june 2010)\include\xnamath.h(2691): warning C4838: conversion from 'unsigned int' to 'INT' requires a narrowing conversion
c:\program files (x86)\microsoft directx sdk (june 2010)\include\xnamath.h(2694): warning C4838: conversion from 'unsigned int' to 'INT' requires a narrowing conversion
c:\program files (x86)\microsoft directx sdk (june 2010)\include\xnamath.h(2695): warning C4838: conversion from 'unsigned int' to 'INT' requires a narrowing conversion
c:\program files (x86)\microsoft directx sdk (june 2010)\include\xnamath.h(2698): warning C4838: conversion from 'unsigned int' to 'INT' requires a narrowing conversion
c:\program files (x86)\microsoft directx sdk (june 2010)\include\xnamath.h(2702): warning C4838: conversion from 'unsigned int' to 'INT' requires a narrowing conversion
c:\program files (x86)\microsoft directx sdk (june 2010)\include\xnamath.h(2712): warning C4838: conversion from 'unsigned int' to 'INT' requires a narrowing conversion
c:\program files (x86)\microsoft directx sdk (june 2010)\include\xnamath.h(2713): warning C4838: conversion from 'unsigned int' to 'INT' requires a narrowing conversion
c:\program files (x86)\microsoft directx sdk (june 2010)\include\xnamath.h(2715): warning C4838: conversion from 'unsigned int' to 'INT' requires a narrowing conversion
c:\program files (x86)\microsoft directx sdk (june 2010)\include\xnamath.h(2716): warning C4838: conversion from 'unsigned int' to 'INT' requires a narrowing conversion
c:\program files (x86)\microsoft directx sdk (june 2010)\include\xnamath.h(2717): warning C4838: conversion from 'unsigned int' to 'INT' requires a narrowing conversion
c:\program files (x86)\microsoft directx sdk (june 2010)\include\xnamath.h(2727): warning C4838: conversion from 'unsigned int' to 'INT' requires a narrowing conversion
c:\program files (x86)\microsoft directx sdk (june 2010)\include\xnamath.h(2728): warning C4838: conversion from 'unsigned int' to 'INT' requires a narrowing conversion
c:\program files (x86)\microsoft directx sdk (june 2010)\include\xnamath.h(2729): warning C4838: conversion from 'unsigned int' to 'INT' requires a narrowing conversion
c:\program files (x86)\microsoft directx sdk (june 2010)\include\xnamath.h(2730): warning C4838: conversion from 'unsigned int' to 'INT' requires a narrowing conversion
c:\program files (x86)\microsoft directx sdk (june 2010)\include\xnamath.h(2731): warning C4838: conversion from 'unsigned int' to 'INT' requires a narrowing conversion
c:\program files (x86)\microsoft directx sdk (june 2010)\include\xnamath.h(2732): warning C4838: conversion from 'unsigned int' to 'INT' requires a narrowing conversion
c:\program files (x86)\microsoft directx sdk (june 2010)\include\xnamath.h(2742): warning C4838: conversion from 'unsigned int' to 'INT' requires a narrowing conversion
c:\program files (x86)\microsoft directx sdk (june 2010)\include\xnamath.h(2743): warning C4838: conversion from 'unsigned int' to 'INT' requires a narrowing conversion
c:\program files (x86)\microsoft directx sdk (june 2010)\include\xnamath.h(2754): warning C4838: conversion from 'unsigned int' to 'INT' requires a narrowing conversion
  GameTimer.cpp
  Input.cpp
  c:\program files (x86)\windows kits\10\include\10.0.17134.0\um\dinput.h: DIRECTINPUT_VERSION undefined. Defaulting to version 0x0800
  Model.cpp
c:\users\tobi-\onedrive\desktop\tutorial14-01 prob newest better now\model.cpp(199): warning C4018: '<': signed/unsigned mismatch
c:\users\tobi-\onedrive\desktop\tutorial14-01 prob newest better now\model.cpp(222): warning C4018: '<': signed/unsigned mismatch
  RainController.cpp
  Reflective.cpp
c:\users\tobi-\onedrive\desktop\tutorial14-01 prob newest better now\reflective.cpp(204): warning C4018: '<': signed/unsigned mismatch
c:\users\tobi-\onedrive\desktop\tutorial14-01 prob newest better now\reflective.cpp(227): warning C4018: '<': signed/unsigned mismatch
  Skybox.cpp
  camera.cpp
c:\users\tobi-\onedrive\desktop\tutorial14-01 prob newest better now\camera.cpp(18): warning C4244: '=': conversion from 'double' to 'float', possible loss of data
c:\users\tobi-\onedrive\desktop\tutorial14-01 prob newest better now\camera.cpp(19): warning C4244: '=': conversion from 'double' to 'float', possible loss of data
c:\users\tobi-\onedrive\desktop\tutorial14-01 prob newest better now\camera.cpp(20): warning C4244: '=': conversion from 'double' to 'float', possible loss of data
c:\users\tobi-\onedrive\desktop\tutorial14-01 prob newest better now\camera.cpp(26): warning C4804: '<': unsafe use of type 'bool' in operation
c:\users\tobi-\onedrive\desktop\tutorial14-01 prob newest better now\camera.cpp(29): warning C4244: '=': conversion from 'double' to 'float', possible loss of data
c:\users\tobi-\onedrive\desktop\tutorial14-01 prob newest better now\camera.cpp(30): warning C4244: '=': conversion from 'double' to 'float', possible loss of data
c:\users\tobi-\onedrive\desktop\tutorial14-01 prob newest better now\camera.cpp(31): warning C4244: '=': conversion from 'double' to 'float', possible loss of data
  main.cpp
  c:\program files (x86)\windows kits\10\include\10.0.17134.0\um\dinput.h: DIRECTINPUT_VERSION undefined. Defaulting to version 0x0800
c:\users\tobi-\onedrive\desktop\tutorial14-01 prob newest better now\main.cpp(510): warning C4244: 'argument': conversion from 'float' to 'UINT8', possible loss of data
  objfilemodel.cpp
c:\users\tobi-\onedrive\desktop\tutorial14-01 prob newest better now\objfilemodel.cpp(2): warning C4005: '_CRT_SECURE_NO_WARNINGS': macro redefinition
  c:\users\tobi-\onedrive\desktop\tutorial14-01 prob newest better now\pch.cpp: note: see previous definition of '_CRT_SECURE_NO_WARNINGS'
  Generating Code...
  Tobias Neidhardt Tutorial14-01.vcxproj -> C:\Users\Tobi-\OneDrive\Desktop\Tutorial14-01 prob newest Better now\Debug\Tobias Neidhardt Tutorial14-01.exe
