c:\users\tobi-\source\agp\tutorial14-01\debug\tobias neidhardt tutorial14-01.pch
c:\users\tobi-\source\agp\tutorial14-01\debug\vc141.pdb
c:\users\tobi-\source\agp\tutorial14-01\debug\vc141.idb
c:\users\tobi-\source\agp\tutorial14-01\debug\pch.obj
c:\users\tobi-\source\agp\tutorial14-01\debug\skybox.obj
c:\users\tobi-\source\agp\tutorial14-01\debug\objfilemodel.obj
c:\users\tobi-\source\agp\tutorial14-01\debug\model.obj
c:\users\tobi-\source\agp\tutorial14-01\debug\main.obj
c:\users\tobi-\source\agp\tutorial14-01\debug\input.obj
c:\users\tobi-\source\agp\tutorial14-01\debug\camera.obj
c:\users\tobi-\source\agp\tutorial14-01\debug\reflective.obj
c:\users\tobi-\source\agp\tutorial14-01\debug\tobias neidhardt tutorial14-01.exe
c:\users\tobi-\source\agp\tutorial14-01\debug\tobias neidhardt tutorial14-01.ilk
c:\users\tobi-\source\agp\tutorial14-01\debug\tobias neidhardt tutorial14-01.pdb
c:\users\tobi-\source\agp\tutorial14-01\debug\tobias n.35887617.tlog\cl.command.1.tlog
c:\users\tobi-\source\agp\tutorial14-01\debug\tobias n.35887617.tlog\cl.read.1.tlog
c:\users\tobi-\source\agp\tutorial14-01\debug\tobias n.35887617.tlog\cl.write.1.tlog
c:\users\tobi-\source\agp\tutorial14-01\debug\tobias n.35887617.tlog\link.command.1.tlog
c:\users\tobi-\source\agp\tutorial14-01\debug\tobias n.35887617.tlog\link.read.1.tlog
c:\users\tobi-\source\agp\tutorial14-01\debug\tobias n.35887617.tlog\link.write.1.tlog
